# JRE version: OpenJDK Runtime Environment (21.0.3) (build 21.0.3+-12282718-b509.11)
# Java VM: OpenJDK 64-Bit Server VM (21.0.3+-12282718-b509.11, mixed mode, tiered, compressed oops, compressed class ptrs, g1 gc, windows-amd64)
GC Precious Log:
 CardTable entry size: 512
 Card Set container configuration: InlinePtr #cards 5 size 8 Array Of Cards #cards 12 size 40 Howl #buckets 4 coarsen threshold 1843 Howl Bitmap #cards 512 size 80 coarsen threshold 460 Card regions per heap region 1 cards per card region 2048
 CPUs: 4 total, 4 available
 Memory: 16199M
 Large Page Support: Disabled
 NUMA Support: Disabled
 Compressed Oops: Enabled (32-bit)
 Heap Region Size: 1M
 Heap Min Capacity: 8M
 Heap Initial Capacity: 254M
 Heap Max Capacity: 2G
 Pre-touch: Disabled
 Parallel Workers: 4
 Concurrent Workers: 1
 Concurrent Refinement Workers: 4
 Periodic GC: Disabled
Heap:
 garbage-first heap   total 318464K, used 278898K [0x0000000080000000, 0x0000000100000000)
  region size 1024K, 132 young (135168K), 12 survivors (12288K)
 Metaspace       used 142043K, committed 144448K, reserved 1179648K
  class space    used 18736K, committed 19968K, reserved 1048576K
GC Heap History (20 events):
Event: 634.133 GC heap before
{Heap before GC invocations=151 (full 0):
 garbage-first heap   total 318464K, used 283628K [0x0000000080000000, 0x0000000100000000)
  region size 1024K, 150 young (153600K), 16 survivors (16384K)
 Metaspace       used 119959K, committed 122112K, reserved 1179648K
  class space    used 16051K, committed 17152K, reserved 1048576K
}
Event: 634.176 GC heap after
{Heap after GC invocations=152 (full 0):
 garbage-first heap   total 318464K, used 151927K [0x0000000080000000, 0x0000000100000000)
  region size 1024K, 10 young (10240K), 10 survivors (10240K)
 Metaspace       used 119959K, committed 122112K, reserved 1179648K
  class space    used 16051K, committed 17152K, reserved 1048576K
}
Event: 670.200 GC heap before
{Heap before GC invocations=152 (full 0):
 garbage-first heap   total 318464K, used 290167K [0x0000000080000000, 0x0000000100000000)
  region size 1024K, 145 young (148480K), 10 survivors (10240K)
 Metaspace       used 120040K, committed 122240K, reserved 1179648K
  class space    used 16054K, committed 17152K, reserved 1048576K
}
Event: 670.234 GC heap after
{Heap after GC invocations=153 (full 0):
 garbage-first heap   total 318464K, used 151511K [0x0000000080000000, 0x0000000100000000)
  region size 1024K, 10 young (10240K), 10 survivors (10240K)
 Metaspace       used 120040K, committed 122240K, reserved 1179648K
  class space    used 16054K, committed 17152K, reserved 1048576K
}
Event: 726.420 GC heap before
{Heap before GC invocations=153 (full 0):
 garbage-first heap   total 318464K, used 289751K [0x0000000080000000, 0x0000000100000000)
  region size 1024K, 145 young (148480K), 10 survivors (10240K)
 Metaspace       used 120040K, committed 122240K, reserved 1179648K
  class space    used 16054K, committed 17152K, reserved 1048576K
}
Event: 726.447 GC heap after
{Heap after GC invocations=154 (full 0):
 garbage-first heap   total 318464K, used 151997K [0x0000000080000000, 0x0000000100000000)
  region size 1024K, 10 young (10240K), 10 survivors (10240K)
 Metaspace       used 120040K, committed 122240K, reserved 1179648K
  class space    used 16054K, committed 17152K, reserved 1048576K
}
Event: 763.941 GC heap before
{Heap before GC invocations=155 (full 0):
 garbage-first heap   total 318464K, used 290237K [0x0000000080000000, 0x0000000100000000)
  region size 1024K, 145 young (148480K), 10 survivors (10240K)
 Metaspace       used 120014K, committed 122240K, reserved 1179648K
  class space    used 16045K, committed 17152K, reserved 1048576K
}
Event: 763.965 GC heap after
{Heap after GC invocations=156 (full 0):
 garbage-first heap   total 318464K, used 151932K [0x0000000080000000, 0x0000000100000000)
  region size 1024K, 10 young (10240K), 10 survivors (10240K)
 Metaspace       used 120014K, committed 122240K, reserved 1179648K
  class space    used 16045K, committed 17152K, reserved 1048576K
}
Event: 780.942 GC heap before
{Heap before GC invocations=156 (full 0):
 garbage-first heap   total 318464K, used 292220K [0x0000000080000000, 0x0000000100000000)
  region size 1024K, 145 young (148480K), 10 survivors (10240K)
 Metaspace       used 128450K, committed 130624K, reserved 1179648K
  class space    used 17147K, committed 18240K, reserved 1048576K
}
Event: 780.975 GC heap after
{Heap after GC invocations=157 (full 0):
 garbage-first heap   total 318464K, used 158343K [0x0000000080000000, 0x0000000100000000)
  region size 1024K, 15 young (15360K), 15 survivors (15360K)
 Metaspace       used 128450K, committed 130624K, reserved 1179648K
  class space    used 17147K, committed 18240K, reserved 1048576K
}
Event: 787.479 GC heap before
{Heap before GC invocations=157 (full 0):
 garbage-first heap   total 318464K, used 285319K [0x0000000080000000, 0x0000000100000000)
  region size 1024K, 139 young (142336K), 15 survivors (15360K)
 Metaspace       used 128470K, committed 130624K, reserved 1179648K
  class space    used 17149K, committed 18240K, reserved 1048576K
}
Event: 787.500 GC heap after
{Heap after GC invocations=158 (full 0):
 garbage-first heap   total 318464K, used 152216K [0x0000000080000000, 0x0000000100000000)
  region size 1024K, 6 young (6144K), 6 survivors (6144K)
 Metaspace       used 128470K, committed 130624K, reserved 1179648K
  class space    used 17149K, committed 18240K, reserved 1048576K
}
Event: 802.183 GC heap before
{Heap before GC invocations=159 (full 0):
 garbage-first heap   total 318464K, used 298648K [0x0000000080000000, 0x0000000100000000)
  region size 1024K, 145 young (148480K), 6 survivors (6144K)
 Metaspace       used 131943K, committed 134080K, reserved 1179648K
  class space    used 17441K, committed 18560K, reserved 1048576K
}
Event: 802.205 GC heap after
{Heap after GC invocations=160 (full 0):
 garbage-first heap   total 318464K, used 148488K [0x0000000080000000, 0x0000000100000000)
  region size 1024K, 5 young (5120K), 5 survivors (5120K)
 Metaspace       used 131943K, committed 134080K, reserved 1179648K
  class space    used 17441K, committed 18560K, reserved 1048576K
}
Event: 895.632 GC heap before
{Heap before GC invocations=160 (full 0):
 garbage-first heap   total 318464K, used 293896K [0x0000000080000000, 0x0000000100000000)
  region size 1024K, 148 young (151552K), 5 survivors (5120K)
 Metaspace       used 132465K, committed 134592K, reserved 1179648K
  class space    used 17480K, committed 18560K, reserved 1048576K
}
Event: 895.673 GC heap after
{Heap after GC invocations=161 (full 0):
 garbage-first heap   total 318464K, used 150885K [0x0000000080000000, 0x0000000100000000)
  region size 1024K, 8 young (8192K), 8 survivors (8192K)
 Metaspace       used 132465K, committed 134592K, reserved 1179648K
  class space    used 17480K, committed 18560K, reserved 1048576K
}
Event: 924.691 GC heap before
{Heap before GC invocations=161 (full 0):
 garbage-first heap   total 318464K, used 291173K [0x0000000080000000, 0x0000000100000000)
  region size 1024K, 146 young (149504K), 8 survivors (8192K)
 Metaspace       used 134727K, committed 136960K, reserved 1179648K
  class space    used 17729K, committed 18880K, reserved 1048576K
}
Event: 924.741 GC heap after
{Heap after GC invocations=162 (full 0):
 garbage-first heap   total 318464K, used 155493K [0x0000000080000000, 0x0000000100000000)
  region size 1024K, 13 young (13312K), 13 survivors (13312K)
 Metaspace       used 134727K, committed 136960K, reserved 1179648K
  class space    used 17729K, committed 18880K, reserved 1048576K
}
Event: 1445.540 GC heap before
{Heap before GC invocations=163 (full 0):
 garbage-first heap   total 318464K, used 285541K [0x0000000080000000, 0x0000000100000000)
  region size 1024K, 141 young (144384K), 13 survivors (13312K)
 Metaspace       used 137762K, committed 140096K, reserved 1179648K
  class space    used 18103K, committed 19264K, reserved 1048576K
}
Event: 1445.605 GC heap after
{Heap after GC invocations=164 (full 0):
 garbage-first heap   total 318464K, used 158066K [0x0000000080000000, 0x0000000100000000)
  region size 1024K, 12 young (12288K), 12 survivors (12288K)
 Metaspace       used 137762K, committed 140096K, reserved 1179648K
  class space    used 18103K, committed 19264K, reserved 1048576K
}

